12-03-2022 17:16:54.90 - INFO - Started validation of input parameters...
12-03-2022 17:16:54.90 - INFO - Completed validation of input parameters
12-03-2022 17:16:54.90 - INFO - Started handling of missing values (numerical)... Method: "KNN"
12-03-2022 17:16:54.90 - INFO - Found a total of 15 missing value(s)
12-03-2022 17:16:54.92 - DEBUG - KNN imputation of 4 value(s) succeeded for feature "int"
12-03-2022 17:16:54.92 - DEBUG - KNN imputation of 2 value(s) succeeded for feature "float"
12-03-2022 17:16:54.93 - DEBUG - KNN imputation of 2 value(s) succeeded for feature "str_oh"
12-03-2022 17:16:54.93 - DEBUG - KNN imputation of 2 value(s) succeeded for feature "str_lab"
12-03-2022 17:16:54.93 - DEBUG - KNN imputation of 5 value(s) succeeded for feature "datetime"
12-03-2022 17:16:54.93 - INFO - Completed handling of missing values
12-03-2022 17:16:54.93 - INFO - Started handling of outliers... Method: "WINZ"
12-03-2022 17:16:54.94 - DEBUG - Outlier imputation of WINZ value(s) succeeded for feature "2"
12-03-2022 17:16:54.94 - DEBUG - Outlier imputation of WINZ value(s) succeeded for feature "2"
12-03-2022 17:16:54.94 - INFO - Completed handling of outliers
12-03-2022 17:16:54.94 - INFO - Started conversion of DATETIME features... Granularity: s
12-03-2022 17:16:54.95 - DEBUG - Conversion to DATETIME succeeded for feature "datetime"
12-03-2022 17:16:54.96 - DEBUG - Conversion to DATETIME failed for "str_oh"
12-03-2022 17:16:54.96 - DEBUG - Conversion to DATETIME failed for "str_lab"
12-03-2022 17:16:54.96 - INFO - Completed conversion of DATETIME features
12-03-2022 17:16:54.96 - INFO - Started encoding categorical features... Method: "AUTO"
12-03-2022 17:16:54.97 - DEBUG - Encoding to ONEHOT succeeded for feature "str_oh"
12-03-2022 17:16:54.97 - DEBUG - Skipped encoding for DATETIME feature "datetime"
12-03-2022 17:16:54.97 - DEBUG - Encoding to LABEL succeeded for feature "str_lab"
12-03-2022 17:16:54.97 - INFO - Completed encoding of categorical features
12-03-2022 17:16:54.97 - INFO - Started feature type conversion...
12-03-2022 17:16:54.97 - DEBUG - Conversion to type INT succeeded for feature "int"
12-03-2022 17:16:54.97 - DEBUG - Conversion to type FLOAT succeeded for feature "float"
12-03-2022 17:16:54.98 - DEBUG - Conversion to type INT succeeded for feature "str_lab"
12-03-2022 17:16:54.98 - DEBUG - Conversion to type INT succeeded for feature "Day"
12-03-2022 17:16:54.98 - DEBUG - Conversion to type INT succeeded for feature "Month"
12-03-2022 17:16:54.98 - DEBUG - Conversion to type INT succeeded for feature "Year"
12-03-2022 17:16:54.98 - DEBUG - Conversion to type INT succeeded for feature "str_oh_a"
12-03-2022 17:16:54.98 - DEBUG - Conversion to type INT succeeded for feature "str_oh_b"
12-03-2022 17:16:54.98 - DEBUG - Conversion to type INT succeeded for feature "str_oh_c"
12-03-2022 17:16:54.98 - INFO - Completed feature type conversion for 9 feature(s)
12-03-2022 17:16:54.98 - INFO - AutoClean completed successfully
